<?xml version="1.0" encoding="UTF-8"?>
<!-- Generated by org.testng.reporters.JUnitXMLReporter -->
<testsuite ignored="0" hostname="USHYDNEHAKUSIN2" failures="0" tests="13" name="Default test" time="44.166" errors="0" timestamp="2023-05-29T15:00:06 IST">
  <testcase classname="FlightSearchAutomationTest.FlightSearch" name="testPopup" time="4.517"/>
  <testcase classname="FlightSearchAutomationTest.FlightSearch" name="clickOnFromStation" time="2.189"/>
  <testcase classname="FlightSearchAutomationTest.FlightSearch" name="testHyd" time="2.274"/>
  <testcase classname="FlightSearchAutomationTest.FlightSearch" name="testDestination" time="2.107"/>
  <testcase classname="FlightSearchAutomationTest.FlightSearch" name="testPune" time="0.818"/>
  <testcase classname="FlightSearchAutomationTest.FlightSearch" name="testDeparture" time="2.154"/>
  <testcase classname="FlightSearchAutomationTest.FlightSearch" name="testDate" time="2.171"/>
  <testcase classname="FlightSearchAutomationTest.FlightSearch" name="testTraveller" time="2.118"/>
  <testcase classname="FlightSearchAutomationTest.FlightSearch" name="testEconomy" time="2.22"/>
  <testcase classname="FlightSearchAutomationTest.FlightSearch" name="testSearch" time="2.201"/>
  <testcase classname="FlightSearchAutomationTest.FlightSearch" name="testDetails" time="2.128"/>
  <testcase classname="FlightSearchAutomationTest.FlightSearch" name="displayDetails" time="3.145"/>
  <testcase classname="FlightSearchAutomationTest.FlightSearch" name="captureScreenshot" time="7.202"/>
</testsuite> <!-- Default test -->
