<?xml version="1.0" encoding="UTF-8"?>
<!-- Generated by org.testng.reporters.JUnitXMLReporter -->
<testsuite ignored="0" hostname="USHYDNEHAKUSIN2" failures="0" tests="13" name="Default test" time="22.365" errors="0" timestamp="2023-05-24T15:10:15 IST">
  <testcase classname="FlightSearchAutomationTest.FlightSearch" name="testPopup" time="1.058"/>
  <testcase classname="FlightSearchAutomationTest.FlightSearch" name="clickOnFromStation" time="0.204"/>
  <testcase classname="FlightSearchAutomationTest.FlightSearch" name="testHyd" time="0.318"/>
  <testcase classname="FlightSearchAutomationTest.FlightSearch" name="testDestination" time="0.141"/>
  <testcase classname="FlightSearchAutomationTest.FlightSearch" name="testPune" time="0.267"/>
  <testcase classname="FlightSearchAutomationTest.FlightSearch" name="testDeparture" time="0.096"/>
  <testcase classname="FlightSearchAutomationTest.FlightSearch" name="testDate" time="0.092"/>
  <testcase classname="FlightSearchAutomationTest.FlightSearch" name="testTraveller" time="0.096"/>
  <testcase classname="FlightSearchAutomationTest.FlightSearch" name="testEconomy" time="0.222"/>
  <testcase classname="FlightSearchAutomationTest.FlightSearch" name="testSearch" time="0.113"/>
  <testcase classname="FlightSearchAutomationTest.FlightSearch" name="testDetails" time="1.811"/>
  <testcase classname="FlightSearchAutomationTest.FlightSearch" name="displayDetails" time="0.604"/>
  <testcase classname="FlightSearchAutomationTest.FlightSearch" name="captureScreenshot" time="7.312"/>
</testsuite> <!-- Default test -->
